[0.311s] DEBUG:colcon:Command line arguments: ['/usr/bin/colcon', 'list', '-p', '--base-paths', '/home/rml/scout_sim/src/erp-cml']
[0.311s] DEBUG:colcon:Parsed command line arguments: Namespace(allow_overriding=[], base_paths=['/home/rml/scout_sim/src/erp-cml'], build_base='build', ignore_user_meta=False, log_base=None, log_level=None, main=<bound method ListVerb.main of <colcon_package_information.verb.list.ListVerb object at 0x7fc75cf9c2e0>>, metas=['./colcon.meta'], names_only=False, packages_above=None, packages_above_and_dependencies=None, packages_above_depth=None, packages_end=None, packages_ignore=None, packages_ignore_regex=None, packages_select=None, packages_select_build_failed=False, packages_select_by_dep=None, packages_select_regex=None, packages_select_test_failures=False, packages_skip=None, packages_skip_build_finished=False, packages_skip_by_dep=None, packages_skip_regex=None, packages_skip_test_passed=False, packages_skip_up_to=None, packages_start=None, packages_up_to=None, packages_up_to_regex=None, paths=None, paths_only=True, topological_graph=False, topological_graph_density=False, topological_graph_dot=False, topological_graph_dot_cluster=False, topological_graph_dot_include_skipped=False, topological_graph_legend=False, topological_order=False, verb_extension=<colcon_package_information.verb.list.ListVerb object at 0x7fc75cf9c2e0>, verb_name='list', verb_parser=<colcon_defaults.argument_parser.defaults.DefaultArgumentsDecorator object at 0x7fc75cfaa160>)
[0.526s] Level 1:colcon.colcon_core.package_discovery:discover_packages(colcon_meta) check parameters
[0.527s] Level 1:colcon.colcon_core.package_discovery:discover_packages(recursive) check parameters
[0.527s] Level 1:colcon.colcon_core.package_discovery:discover_packages(ignore) check parameters
[0.527s] Level 1:colcon.colcon_core.package_discovery:discover_packages(path) check parameters
[0.527s] Level 1:colcon.colcon_core.package_discovery:discover_packages(recursive) discover
[0.527s] INFO:colcon.colcon_core.package_discovery:Crawling recursively for packages in '/home/rml/scout_sim/src/erp-cml'
[0.527s] Level 1:colcon.colcon_core.package_identification:_identify(/home/rml/scout_sim/src/erp-cml) by extensions ['ignore', 'ignore_ament_install']
[0.527s] Level 1:colcon.colcon_core.package_identification:_identify(/home/rml/scout_sim/src/erp-cml) by extension 'ignore'
[0.527s] Level 1:colcon.colcon_core.package_identification:_identify(/home/rml/scout_sim/src/erp-cml) by extension 'ignore_ament_install'
[0.527s] Level 1:colcon.colcon_core.package_identification:_identify(/home/rml/scout_sim/src/erp-cml) by extensions ['colcon_pkg']
[0.527s] Level 1:colcon.colcon_core.package_identification:_identify(/home/rml/scout_sim/src/erp-cml) by extension 'colcon_pkg'
[0.527s] Level 1:colcon.colcon_core.package_identification:_identify(/home/rml/scout_sim/src/erp-cml) by extensions ['colcon_meta']
[0.527s] Level 1:colcon.colcon_core.package_identification:_identify(/home/rml/scout_sim/src/erp-cml) by extension 'colcon_meta'
[0.527s] Level 1:colcon.colcon_core.package_identification:_identify(/home/rml/scout_sim/src/erp-cml) by extensions ['ros']
[0.527s] Level 1:colcon.colcon_core.package_identification:_identify(/home/rml/scout_sim/src/erp-cml) by extension 'ros'
[0.538s] Level 1:colcon.colcon_core.package_identification:_identify(/home/rml/scout_sim/src/erp-cml) by extensions ['cmake', 'python']
[0.538s] Level 1:colcon.colcon_core.package_identification:_identify(/home/rml/scout_sim/src/erp-cml) by extension 'cmake'
[0.538s] Level 1:colcon.colcon_core.package_identification:_identify(/home/rml/scout_sim/src/erp-cml) by extension 'python'
[0.538s] Level 1:colcon.colcon_core.package_identification:_identify(/home/rml/scout_sim/src/erp-cml) by extensions ['python_setup_py']
[0.538s] Level 1:colcon.colcon_core.package_identification:_identify(/home/rml/scout_sim/src/erp-cml) by extension 'python_setup_py'
[0.538s] Level 1:colcon.colcon_core.package_identification:_identify(/home/rml/scout_sim/src/erp-cml/camera_data) by extensions ['ignore', 'ignore_ament_install']
[0.538s] Level 1:colcon.colcon_core.package_identification:_identify(/home/rml/scout_sim/src/erp-cml/camera_data) by extension 'ignore'
[0.538s] Level 1:colcon.colcon_core.package_identification:_identify(/home/rml/scout_sim/src/erp-cml/camera_data) by extension 'ignore_ament_install'
[0.538s] Level 1:colcon.colcon_core.package_identification:_identify(/home/rml/scout_sim/src/erp-cml/camera_data) by extensions ['colcon_pkg']
[0.538s] Level 1:colcon.colcon_core.package_identification:_identify(/home/rml/scout_sim/src/erp-cml/camera_data) by extension 'colcon_pkg'
[0.538s] Level 1:colcon.colcon_core.package_identification:_identify(/home/rml/scout_sim/src/erp-cml/camera_data) by extensions ['colcon_meta']
[0.538s] Level 1:colcon.colcon_core.package_identification:_identify(/home/rml/scout_sim/src/erp-cml/camera_data) by extension 'colcon_meta'
[0.538s] Level 1:colcon.colcon_core.package_identification:_identify(/home/rml/scout_sim/src/erp-cml/camera_data) by extensions ['ros']
[0.538s] Level 1:colcon.colcon_core.package_identification:_identify(/home/rml/scout_sim/src/erp-cml/camera_data) by extension 'ros'
[0.542s] DEBUG:colcon.colcon_core.package_identification:Package '/home/rml/scout_sim/src/erp-cml/camera_data' with type 'ros.catkin' and name 'camera_data'
[0.542s] Level 1:colcon.colcon_core.package_identification:_identify(/home/rml/scout_sim/src/erp-cml/cmake-build-debug) by extensions ['ignore', 'ignore_ament_install']
[0.542s] Level 1:colcon.colcon_core.package_identification:_identify(/home/rml/scout_sim/src/erp-cml/cmake-build-debug) by extension 'ignore'
[0.542s] Level 1:colcon.colcon_core.package_identification:_identify(/home/rml/scout_sim/src/erp-cml/cmake-build-debug) by extension 'ignore_ament_install'
[0.543s] Level 1:colcon.colcon_core.package_identification:_identify(/home/rml/scout_sim/src/erp-cml/cmake-build-debug) by extensions ['colcon_pkg']
[0.543s] Level 1:colcon.colcon_core.package_identification:_identify(/home/rml/scout_sim/src/erp-cml/cmake-build-debug) by extension 'colcon_pkg'
[0.543s] Level 1:colcon.colcon_core.package_identification:_identify(/home/rml/scout_sim/src/erp-cml/cmake-build-debug) by extensions ['colcon_meta']
[0.543s] Level 1:colcon.colcon_core.package_identification:_identify(/home/rml/scout_sim/src/erp-cml/cmake-build-debug) by extension 'colcon_meta'
[0.543s] Level 1:colcon.colcon_core.package_identification:_identify(/home/rml/scout_sim/src/erp-cml/cmake-build-debug) by extensions ['ros']
[0.543s] Level 1:colcon.colcon_core.package_identification:_identify(/home/rml/scout_sim/src/erp-cml/cmake-build-debug) by extension 'ros'
[0.543s] Level 1:colcon.colcon_core.package_identification:_identify(/home/rml/scout_sim/src/erp-cml/cmake-build-debug) by extensions ['cmake', 'python']
[0.543s] Level 1:colcon.colcon_core.package_identification:_identify(/home/rml/scout_sim/src/erp-cml/cmake-build-debug) by extension 'cmake'
[0.543s] Level 1:colcon.colcon_core.package_identification:_identify(/home/rml/scout_sim/src/erp-cml/cmake-build-debug) by extension 'python'
[0.543s] Level 1:colcon.colcon_core.package_identification:_identify(/home/rml/scout_sim/src/erp-cml/cmake-build-debug) by extensions ['python_setup_py']
[0.543s] Level 1:colcon.colcon_core.package_identification:_identify(/home/rml/scout_sim/src/erp-cml/cmake-build-debug) by extension 'python_setup_py'
[0.543s] Level 1:colcon.colcon_core.package_identification:_identify(/home/rml/scout_sim/src/erp-cml/cmake-build-debug/CMakeFiles) by extensions ['ignore', 'ignore_ament_install']
[0.543s] Level 1:colcon.colcon_core.package_identification:_identify(/home/rml/scout_sim/src/erp-cml/cmake-build-debug/CMakeFiles) by extension 'ignore'
[0.543s] Level 1:colcon.colcon_core.package_identification:_identify(/home/rml/scout_sim/src/erp-cml/cmake-build-debug/CMakeFiles) by extension 'ignore_ament_install'
[0.543s] Level 1:colcon.colcon_core.package_identification:_identify(/home/rml/scout_sim/src/erp-cml/cmake-build-debug/CMakeFiles) by extensions ['colcon_pkg']
[0.543s] Level 1:colcon.colcon_core.package_identification:_identify(/home/rml/scout_sim/src/erp-cml/cmake-build-debug/CMakeFiles) by extension 'colcon_pkg'
[0.543s] Level 1:colcon.colcon_core.package_identification:_identify(/home/rml/scout_sim/src/erp-cml/cmake-build-debug/CMakeFiles) by extensions ['colcon_meta']
[0.543s] Level 1:colcon.colcon_core.package_identification:_identify(/home/rml/scout_sim/src/erp-cml/cmake-build-debug/CMakeFiles) by extension 'colcon_meta'
[0.544s] Level 1:colcon.colcon_core.package_identification:_identify(/home/rml/scout_sim/src/erp-cml/cmake-build-debug/CMakeFiles) by extensions ['ros']
[0.544s] Level 1:colcon.colcon_core.package_identification:_identify(/home/rml/scout_sim/src/erp-cml/cmake-build-debug/CMakeFiles) by extension 'ros'
[0.544s] Level 1:colcon.colcon_core.package_identification:_identify(/home/rml/scout_sim/src/erp-cml/cmake-build-debug/CMakeFiles) by extensions ['cmake', 'python']
[0.544s] Level 1:colcon.colcon_core.package_identification:_identify(/home/rml/scout_sim/src/erp-cml/cmake-build-debug/CMakeFiles) by extension 'cmake'
[0.544s] Level 1:colcon.colcon_core.package_identification:_identify(/home/rml/scout_sim/src/erp-cml/cmake-build-debug/CMakeFiles) by extension 'python'
[0.544s] Level 1:colcon.colcon_core.package_identification:_identify(/home/rml/scout_sim/src/erp-cml/cmake-build-debug/CMakeFiles) by extensions ['python_setup_py']
[0.544s] Level 1:colcon.colcon_core.package_identification:_identify(/home/rml/scout_sim/src/erp-cml/cmake-build-debug/CMakeFiles) by extension 'python_setup_py'
[0.544s] Level 1:colcon.colcon_core.package_identification:_identify(/home/rml/scout_sim/src/erp-cml/log) by extensions ['ignore', 'ignore_ament_install']
[0.544s] Level 1:colcon.colcon_core.package_identification:_identify(/home/rml/scout_sim/src/erp-cml/log) by extension 'ignore'
[0.544s] Level 1:colcon.colcon_core.package_identification:_identify(/home/rml/scout_sim/src/erp-cml/log) ignored
[0.544s] Level 1:colcon.colcon_core.package_identification:_identify(/home/rml/scout_sim/src/erp-cml/testdrive) by extensions ['ignore', 'ignore_ament_install']
[0.544s] Level 1:colcon.colcon_core.package_identification:_identify(/home/rml/scout_sim/src/erp-cml/testdrive) by extension 'ignore'
[0.544s] Level 1:colcon.colcon_core.package_identification:_identify(/home/rml/scout_sim/src/erp-cml/testdrive) by extension 'ignore_ament_install'
[0.545s] Level 1:colcon.colcon_core.package_identification:_identify(/home/rml/scout_sim/src/erp-cml/testdrive) by extensions ['colcon_pkg']
[0.545s] Level 1:colcon.colcon_core.package_identification:_identify(/home/rml/scout_sim/src/erp-cml/testdrive) by extension 'colcon_pkg'
[0.545s] Level 1:colcon.colcon_core.package_identification:_identify(/home/rml/scout_sim/src/erp-cml/testdrive) by extensions ['colcon_meta']
[0.545s] Level 1:colcon.colcon_core.package_identification:_identify(/home/rml/scout_sim/src/erp-cml/testdrive) by extension 'colcon_meta'
[0.545s] Level 1:colcon.colcon_core.package_identification:_identify(/home/rml/scout_sim/src/erp-cml/testdrive) by extensions ['ros']
[0.545s] Level 1:colcon.colcon_core.package_identification:_identify(/home/rml/scout_sim/src/erp-cml/testdrive) by extension 'ros'
[0.546s] DEBUG:colcon.colcon_core.package_identification:Package '/home/rml/scout_sim/src/erp-cml/testdrive' with type 'ros.catkin' and name 'testdrive'
[0.546s] Level 1:colcon.colcon_core.package_identification:_identify(/home/rml/scout_sim/src/erp-cml/visualization) by extensions ['ignore', 'ignore_ament_install']
[0.546s] Level 1:colcon.colcon_core.package_identification:_identify(/home/rml/scout_sim/src/erp-cml/visualization) by extension 'ignore'
[0.546s] Level 1:colcon.colcon_core.package_identification:_identify(/home/rml/scout_sim/src/erp-cml/visualization) by extension 'ignore_ament_install'
[0.546s] Level 1:colcon.colcon_core.package_identification:_identify(/home/rml/scout_sim/src/erp-cml/visualization) by extensions ['colcon_pkg']
[0.546s] Level 1:colcon.colcon_core.package_identification:_identify(/home/rml/scout_sim/src/erp-cml/visualization) by extension 'colcon_pkg'
[0.546s] Level 1:colcon.colcon_core.package_identification:_identify(/home/rml/scout_sim/src/erp-cml/visualization) by extensions ['colcon_meta']
[0.546s] Level 1:colcon.colcon_core.package_identification:_identify(/home/rml/scout_sim/src/erp-cml/visualization) by extension 'colcon_meta'
[0.546s] Level 1:colcon.colcon_core.package_identification:_identify(/home/rml/scout_sim/src/erp-cml/visualization) by extensions ['ros']
[0.546s] Level 1:colcon.colcon_core.package_identification:_identify(/home/rml/scout_sim/src/erp-cml/visualization) by extension 'ros'
[0.547s] DEBUG:colcon.colcon_core.package_identification:Package '/home/rml/scout_sim/src/erp-cml/visualization' with type 'ros.catkin' and name 'visualization'
[0.547s] Level 1:colcon.colcon_core.package_discovery:discover_packages(recursive) using defaults
